[I 2024-10-04 14:19:08.989 ServerApp] jupyter_lsp | extension was successfully linked.
[I 2024-10-04 14:19:08.992 ServerApp] jupyter_server_terminals | extension was successfully linked.
[I 2024-10-04 14:19:08.996 ServerApp] jupyterlab | extension was successfully linked.
[I 2024-10-04 14:19:09.000 ServerApp] notebook | extension was successfully linked.
[I 2024-10-04 14:19:09.232 ServerApp] notebook_shim | extension was successfully linked.
[I 2024-10-04 14:19:09.253 ServerApp] notebook_shim | extension was successfully loaded.
[I 2024-10-04 14:19:09.255 ServerApp] jupyter_lsp | extension was successfully loaded.
[I 2024-10-04 14:19:09.256 ServerApp] jupyter_server_terminals | extension was successfully loaded.
[I 2024-10-04 14:19:09.257 LabApp] JupyterLab extension loaded from /home/oskroeger/.local/lib/python3.10/site-packages/jupyterlab
[I 2024-10-04 14:19:09.257 LabApp] JupyterLab application directory is /home/oskroeger/.local/share/jupyter/lab
[I 2024-10-04 14:19:09.258 LabApp] Extension Manager is 'pypi'.
[I 2024-10-04 14:19:09.299 ServerApp] jupyterlab | extension was successfully loaded.
[I 2024-10-04 14:19:09.301 ServerApp] notebook | extension was successfully loaded.
[I 2024-10-04 14:19:09.302 ServerApp] Serving notebooks from local directory: /home/oskroeger/ITT-305-Information/PasswordHashing
[I 2024-10-04 14:19:09.302 ServerApp] Jupyter Server 2.14.2 is running at:
[I 2024-10-04 14:19:09.302 ServerApp] http://localhost:8888/tree?token=5650c60c70a610189fd13452eef003d39db0c9086873d3c8
[I 2024-10-04 14:19:09.302 ServerApp]     http://127.0.0.1:8888/tree?token=5650c60c70a610189fd13452eef003d39db0c9086873d3c8
[I 2024-10-04 14:19:09.302 ServerApp] Use Control-C to stop this server and shut down all kernels (twice to skip confirmation).
[C 2024-10-04 14:19:10.194 ServerApp] 
    
    To access the server, open this file in a browser:
        file:///home/oskroeger/.local/share/jupyter/runtime/jpserver-87366-open.html
    Or copy and paste one of these URLs:
        http://localhost:8888/tree?token=5650c60c70a610189fd13452eef003d39db0c9086873d3c8
        http://127.0.0.1:8888/tree?token=5650c60c70a610189fd13452eef003d39db0c9086873d3c8
Couldn't find a suitable web browser!

Set the BROWSER environment variable to your desired browser.

Warning: program returned non-zero exit code #256
WARNING: You don't seem to have any mimeinfo.cache files.
Try running the update-desktop-database command. If you
don't have this command you should install the
desktop-file-utils package. This package is available from
http://freedesktop.org/wiki/Software/desktop-file-utils/
No applications found for mimetype: text/html
./usr/bin/xdg-open: 882: x-www-browser: not found
/usr/bin/xdg-open: 882: firefox: not found
/usr/bin/xdg-open: 882: iceweasel: not found
/usr/bin/xdg-open: 882: seamonkey: not found
/usr/bin/xdg-open: 882: mozilla: not found
/usr/bin/xdg-open: 882: epiphany: not found
/usr/bin/xdg-open: 882: konqueror: not found
/usr/bin/xdg-open: 882: chromium: not found
/usr/bin/xdg-open: 882: chromium-browser: not found
/usr/bin/xdg-open: 882: google-chrome: not found
/usr/bin/xdg-open: 882: www-browser: not found
/usr/bin/xdg-open: 882: links2: not found
/usr/bin/xdg-open: 882: elinks: not found
/usr/bin/xdg-open: 882: links: not found
/usr/bin/xdg-open: 882: lynx: not found
/usr/bin/xdg-open: 882: w3m: not found
xdg-open: no method available for opening 'file:///home/oskroeger/.local/share/jupyter/runtime/jpserver-87366-open.html'
[I 2024-10-04 14:19:12.372 ServerApp] Skipped non-installed server(s): bash-language-server, dockerfile-language-server-nodejs, javascript-typescript-langserver, jedi-language-server, julia-language-server, pyright, python-language-server, python-lsp-server, r-languageserver, sql-language-server, texlab, typescript-language-server, unified-language-server, vscode-css-languageserver-bin, vscode-html-languageserver-bin, vscode-json-languageserver-bin, yaml-language-server
[I 2024-10-04 14:19:14.171 ServerApp] 302 GET / (@127.0.0.1) 1.13ms
[I 2024-10-04 14:19:14.179 JupyterNotebookApp] 302 GET /tree? (@127.0.0.1) 3.21ms
[I 2024-10-04 14:19:30.277 ServerApp] 302 GET /?token=[secret] (@127.0.0.1) 1.09ms
[I 2024-10-04 14:19:39.623 ServerApp] Creating new notebook in 
[I 2024-10-04 14:19:39.964 ServerApp] Kernel started: 357d1b74-c435-49ac-b216-611973579e8f
[I 2024-10-04 14:19:39.969 ServerApp] Saving file at /Untitled.ipynb
[I 2024-10-04 14:19:40.615 ServerApp] Connecting to kernel 357d1b74-c435-49ac-b216-611973579e8f.
[I 2024-10-04 14:19:40.634 ServerApp] Connecting to kernel 357d1b74-c435-49ac-b216-611973579e8f.
[I 2024-10-04 14:19:41.031 ServerApp] Connecting to kernel 357d1b74-c435-49ac-b216-611973579e8f.
[I 2024-10-04 14:19:41.146 ServerApp] Starting buffering for 357d1b74-c435-49ac-b216-611973579e8f:75ab8dba-66f7-4eef-8272-1cf352af15f2
[I 2024-10-04 14:19:41.507 ServerApp] Connecting to kernel 357d1b74-c435-49ac-b216-611973579e8f.
[I 2024-10-04 14:21:40.998 ServerApp] Saving file at /Untitled.ipynb
[I 2024-10-04 14:23:41.315 ServerApp] Saving file at /Untitled.ipynb
[I 2024-10-04 14:31:44.319 ServerApp] Saving file at /Untitled.ipynb
[I 2024-10-04 14:33:45.326 ServerApp] Saving file at /Untitled.ipynb
[I 2024-10-04 14:35:45.455 ServerApp] Saving file at /Untitled.ipynb
[I 2024-10-04 14:37:46.365 ServerApp] Saving file at /Untitled.ipynb
[I 2024-10-04 14:48:49.365 ServerApp] Saving file at /Untitled.ipynb
[I 2024-10-04 14:49:00.554 ServerApp] Saving file at /Untitled.ipynb
[I 2024-10-04 14:51:01.375 ServerApp] Saving file at /Untitled.ipynb
[I 2024-10-04 14:52:43.274 ServerApp] Saving file at /Untitled.ipynb
[I 2024-10-04 15:02:47.376 ServerApp] Saving file at /Untitled.ipynb
[I 2024-10-04 15:05:15.072 ServerApp] Saving file at /Password Hashing.ipynb
[I 2024-10-04 15:07:15.165 ServerApp] Saving file at /Password Hashing.ipynb
[I 2024-10-04 15:09:15.237 ServerApp] Saving file at /Password Hashing.ipynb
[I 2024-10-04 15:11:15.397 ServerApp] Saving file at /Password Hashing.ipynb
[I 2024-10-04 15:15:17.337 ServerApp] Saving file at /Password Hashing.ipynb
[I 2024-10-04 15:17:17.414 ServerApp] Saving file at /Password Hashing.ipynb
[I 2024-10-04 15:17:29.027 ServerApp] Saving file at /Password Hashing.ipynb
[I 2024-10-04 15:17:29.206 ServerApp] Saving file at /Password Hashing.ipynb
[I 2024-10-04 15:17:29.379 ServerApp] Saving file at /Password Hashing.ipynb
[I 2024-10-04 15:19:17.484 ServerApp] Saving file at /Password Hashing.ipynb
[I 2024-10-04 15:19:18.665 ServerApp] Saving file at /Password Hashing.ipynb
[I 2024-10-04 15:19:19.045 ServerApp] Saving file at /Password Hashing.ipynb
[I 2024-10-04 15:19:19.181 ServerApp] Saving file at /Password Hashing.ipynb
[I 2024-10-04 15:19:19.345 ServerApp] Saving file at /Password Hashing.ipynb
[I 2024-10-04 15:20:24.508 ServerApp] Saving file at /Password Hashing.ipynb
[I 2024-10-04 15:21:50.478 ServerApp] Saving file at /Password Hashing.ipynb
[I 2024-10-04 15:25:51.592 ServerApp] Starting buffering for 357d1b74-c435-49ac-b216-611973579e8f:144d45dd-5b7b-49f9-9fd9-09be1f5857f7
[C 2024-10-04 15:26:13.605 ServerApp] received signal 15, stopping
[I 2024-10-04 15:26:13.609 ServerApp] Shutting down 5 extensions
[I 2024-10-04 15:26:13.611 ServerApp] Shutting down 1 kernel
[I 2024-10-04 15:26:13.614 ServerApp] Kernel shutdown: 357d1b74-c435-49ac-b216-611973579e8f
